<?xml version="1.0" encoding="UTF-8"?>
<robot generator="Robot 3.1.1 (Python 3.6.7 on linux)" generated="20190422 23:37:57.286" rpa="false">
<suite id="s1" name="Argus" source="/home/dev/Desktop/testing/argus-dev/tests/Argus.robot">
<test id="s1-t1" name="File Check Test">
<kw name="Should Exist" library="OperatingSystem">
<doc>Fails unless the given path (file or directory) exists.</doc>
<arguments>
<arg>../argus.py</arg>
</arguments>
<msg timestamp="20190422 23:37:57.316" level="INFO" html="yes">Path '&lt;a href="file:///home/dev/Desktop/testing/argus-dev/argus.py"&gt;/home/dev/Desktop/testing/argus-dev/argus.py&lt;/a&gt;' exists.</msg>
<status status="PASS" starttime="20190422 23:37:57.316" endtime="20190422 23:37:57.316"></status>
</kw>
<kw name="Should Exist" library="OperatingSystem">
<doc>Fails unless the given path (file or directory) exists.</doc>
<arguments>
<arg>../config.yml</arg>
</arguments>
<msg timestamp="20190422 23:37:57.316" level="INFO" html="yes">Path '&lt;a href="file:///home/dev/Desktop/testing/argus-dev/config.yml"&gt;/home/dev/Desktop/testing/argus-dev/config.yml&lt;/a&gt;' exists.</msg>
<status status="PASS" starttime="20190422 23:37:57.316" endtime="20190422 23:37:57.317"></status>
</kw>
<kw name="Should Exist" library="OperatingSystem">
<doc>Fails unless the given path (file or directory) exists.</doc>
<arguments>
<arg>../install.sh</arg>
</arguments>
<msg timestamp="20190422 23:37:57.317" level="INFO" html="yes">Path '&lt;a href="file:///home/dev/Desktop/testing/argus-dev/install.sh"&gt;/home/dev/Desktop/testing/argus-dev/install.sh&lt;/a&gt;' exists.</msg>
<status status="PASS" starttime="20190422 23:37:57.317" endtime="20190422 23:37:57.317"></status>
</kw>
<kw name="Should Exist" library="OperatingSystem">
<doc>Fails unless the given path (file or directory) exists.</doc>
<arguments>
<arg>../location.py</arg>
</arguments>
<msg timestamp="20190422 23:37:57.317" level="INFO" html="yes">Path '&lt;a href="file:///home/dev/Desktop/testing/argus-dev/location.py"&gt;/home/dev/Desktop/testing/argus-dev/location.py&lt;/a&gt;' exists.</msg>
<status status="PASS" starttime="20190422 23:37:57.317" endtime="20190422 23:37:57.317"></status>
</kw>
<kw name="Should Exist" library="OperatingSystem">
<doc>Fails unless the given path (file or directory) exists.</doc>
<arguments>
<arg>../packet_processor.py</arg>
</arguments>
<msg timestamp="20190422 23:37:57.318" level="INFO" html="yes">Path '&lt;a href="file:///home/dev/Desktop/testing/argus-dev/packet_processor.py"&gt;/home/dev/Desktop/testing/argus-dev/packet_processor.py&lt;/a&gt;' exists.</msg>
<status status="PASS" starttime="20190422 23:37:57.317" endtime="20190422 23:37:57.318"></status>
</kw>
<kw name="Should Exist" library="OperatingSystem">
<doc>Fails unless the given path (file or directory) exists.</doc>
<arguments>
<arg>../README.md</arg>
</arguments>
<msg timestamp="20190422 23:37:57.318" level="INFO" html="yes">Path '&lt;a href="file:///home/dev/Desktop/testing/argus-dev/README.md"&gt;/home/dev/Desktop/testing/argus-dev/README.md&lt;/a&gt;' exists.</msg>
<status status="PASS" starttime="20190422 23:37:57.318" endtime="20190422 23:37:57.318"></status>
</kw>
<kw name="Should Exist" library="OperatingSystem">
<doc>Fails unless the given path (file or directory) exists.</doc>
<arguments>
<arg>../requirements.txt</arg>
</arguments>
<msg timestamp="20190422 23:37:57.318" level="INFO" html="yes">Path '&lt;a href="file:///home/dev/Desktop/testing/argus-dev/requirements.txt"&gt;/home/dev/Desktop/testing/argus-dev/requirements.txt&lt;/a&gt;' exists.</msg>
<status status="PASS" starttime="20190422 23:37:57.318" endtime="20190422 23:37:57.318"></status>
</kw>
<doc>Checks that all argus files have been installed correctly</doc>
<status status="PASS" starttime="20190422 23:37:57.315" endtime="20190422 23:37:57.318" critical="yes"></status>
</test>
<test id="s1-t2" name="Config Write Test">
<kw name="Set Variable" library="BuiltIn">
<doc>Returns the given values which can then be assigned to a variables.</doc>
<arguments>
<arg>tests/test_caps/empty-01.cap</arg>
</arguments>
<assign>
<var>${EMPTY_CAP01}</var>
</assign>
<msg timestamp="20190422 23:37:57.319" level="INFO">${EMPTY_CAP01} = tests/test_caps/empty-01.cap</msg>
<status status="PASS" starttime="20190422 23:37:57.319" endtime="20190422 23:37:57.319"></status>
</kw>
<kw name="Set Variable" library="BuiltIn">
<doc>Returns the given values which can then be assigned to a variables.</doc>
<arguments>
<arg>tests/test_caps/empty-02.cap</arg>
</arguments>
<assign>
<var>${EMPTY_CAP02}</var>
</assign>
<msg timestamp="20190422 23:37:57.319" level="INFO">${EMPTY_CAP02} = tests/test_caps/empty-02.cap</msg>
<status status="PASS" starttime="20190422 23:37:57.319" endtime="20190422 23:37:57.319"></status>
</kw>
<kw name="Set Variable" library="BuiltIn">
<doc>Returns the given values which can then be assigned to a variables.</doc>
<arguments>
<arg>tests/test_caps/empty-03.cap</arg>
</arguments>
<assign>
<var>${EMPTY_CAP03}</var>
</assign>
<msg timestamp="20190422 23:37:57.320" level="INFO">${EMPTY_CAP03} = tests/test_caps/empty-03.cap</msg>
<status status="PASS" starttime="20190422 23:37:57.320" endtime="20190422 23:37:57.320"></status>
</kw>
<kw name="Change Config Capture File" library="YamlLibrary">
<arguments>
<arg>argus1</arg>
<arg>${EMPTY_CAP01}</arg>
</arguments>
<msg timestamp="20190422 23:37:57.324" level="INFO">/home/dev/Desktop/testing/argus-dev/tests/libraries/YamlLibrary.py:14: YAMLLoadWarning: calling yaml.load() without Loader=... is deprecated, as the default Loader is unsafe. Please read https://msg.pyyaml.org/load for full details.
  argus_config = yaml.load(f)</msg>
<status status="PASS" starttime="20190422 23:37:57.320" endtime="20190422 23:37:57.324"></status>
</kw>
<kw name="Grep File" library="OperatingSystem">
<doc>Returns the lines of the specified file that match the ``pattern``.</doc>
<arguments>
<arg>${YAML_PATH}</arg>
<arg>${EMPTY_CAP01}</arg>
</arguments>
<msg timestamp="20190422 23:37:57.325" level="INFO" html="yes">Reading file '&lt;a href="file:///home/dev/Desktop/testing/argus-dev/config.yml"&gt;/home/dev/Desktop/testing/argus-dev/config.yml&lt;/a&gt;'.</msg>
<msg timestamp="20190422 23:37:57.325" level="INFO">1 out of 14 lines matched</msg>
<status status="PASS" starttime="20190422 23:37:57.325" endtime="20190422 23:37:57.325"></status>
</kw>
<kw name="Change Config Capture File" library="YamlLibrary">
<arguments>
<arg>argus2</arg>
<arg>${EMPTY_CAP02}</arg>
</arguments>
<status status="PASS" starttime="20190422 23:37:57.325" endtime="20190422 23:37:57.329"></status>
</kw>
<kw name="Grep File" library="OperatingSystem">
<doc>Returns the lines of the specified file that match the ``pattern``.</doc>
<arguments>
<arg>${YAML_PATH}</arg>
<arg>${EMPTY_CAP02}</arg>
</arguments>
<msg timestamp="20190422 23:37:57.330" level="INFO" html="yes">Reading file '&lt;a href="file:///home/dev/Desktop/testing/argus-dev/config.yml"&gt;/home/dev/Desktop/testing/argus-dev/config.yml&lt;/a&gt;'.</msg>
<msg timestamp="20190422 23:37:57.330" level="INFO">1 out of 14 lines matched</msg>
<status status="PASS" starttime="20190422 23:37:57.330" endtime="20190422 23:37:57.330"></status>
</kw>
<kw name="Change Config Capture File" library="YamlLibrary">
<arguments>
<arg>argus3</arg>
<arg>${EMPTY_CAP03}</arg>
</arguments>
<status status="PASS" starttime="20190422 23:37:57.330" endtime="20190422 23:37:57.334"></status>
</kw>
<kw name="Grep File" library="OperatingSystem">
<doc>Returns the lines of the specified file that match the ``pattern``.</doc>
<arguments>
<arg>${YAML_PATH}</arg>
<arg>${EMPTY_CAP03}</arg>
</arguments>
<msg timestamp="20190422 23:37:57.335" level="INFO" html="yes">Reading file '&lt;a href="file:///home/dev/Desktop/testing/argus-dev/config.yml"&gt;/home/dev/Desktop/testing/argus-dev/config.yml&lt;/a&gt;'.</msg>
<msg timestamp="20190422 23:37:57.335" level="INFO">1 out of 14 lines matched</msg>
<status status="PASS" starttime="20190422 23:37:57.335" endtime="20190422 23:37:57.335"></status>
</kw>
<doc>Testing the Yaml library</doc>
<status status="PASS" starttime="20190422 23:37:57.319" endtime="20190422 23:37:57.335" critical="yes"></status>
</test>
<doc>Tests for the location calculation of argus</doc>
<status status="PASS" starttime="20190422 23:37:57.286" endtime="20190422 23:37:57.336"></status>
</suite>
<statistics>
<total>
<stat pass="2" fail="0">Critical Tests</stat>
<stat pass="2" fail="0">All Tests</stat>
</total>
<tag>
</tag>
<suite>
<stat pass="2" fail="0" id="s1" name="Argus">Argus</stat>
</suite>
</statistics>
<errors>
</errors>
</robot>
